2026-02-14 11:12:25: ▲ Next.js 16.1.6
2026-02-14 11:12:25: - Local:         http://localhost:3000
2026-02-14 11:12:25: - Network:       http://192.168.100.15:3000
2026-02-14 11:12:25: 
2026-02-14 11:12:25: ✓ Starting...
2026-02-14 11:12:26: ✓ Ready in 1373ms
2026-02-14 11:12:52: ▲ Next.js 16.1.6
2026-02-14 11:12:52: - Local:         http://localhost:3000
2026-02-14 11:12:52: - Network:       http://0.0.0.0:3000
2026-02-14 11:12:52: 
2026-02-14 11:12:52: ✓ Starting...
2026-02-14 11:12:52: ✓ Ready in 240ms
2026-02-14 11:13:20: ▲ Next.js 16.1.6
2026-02-14 11:13:20: - Local:         http://localhost:3000
2026-02-14 11:13:20: - Network:       http://0.0.0.0:3000
2026-02-14 11:13:20: 
2026-02-14 11:13:20: ✓ Starting...
2026-02-14 11:13:20: ✓ Ready in 178ms
2026-02-14 11:14:07: ▲ Next.js 16.1.6
2026-02-14 11:14:07: - Local:         http://localhost:3000
2026-02-14 11:14:07: - Network:       http://0.0.0.0:3000
2026-02-14 11:14:07: 
2026-02-14 11:14:07: ✓ Starting...
2026-02-14 11:14:07: ✓ Ready in 153ms
